2025-08-22 23:22:42 - src.main - INFO - Logging to file: logs/mit-tts-streamer.log
2025-08-22 23:22:42 - src.main - INFO - Logging configured - Level: INFO
2025-08-22 23:22:42 - src.main - WARNING - TTS Engine Manager initialization failed: 'TTSConfig' object has no attribute 'get'
2025-08-22 23:22:42 - src.main - WARNING - WebSocket server not available (websockets library not installed)
2025-08-22 23:22:42 - src.main - WARNING - Install websockets library for full functionality: pip install websockets
2025-08-22 23:22:42 - src.main - INFO - MIT-TTS-Streamer initialized
2025-08-22 23:22:42 - src.main - INFO - Logging to file: logs/mit-tts-streamer.log
2025-08-22 23:22:42 - src.main - INFO - Logging configured - Level: DEBUG
2025-08-22 23:22:42 - src.main - INFO - Starting MIT-TTS-Streamer...
2025-08-22 23:22:42 - src.main - ERROR - Failed to start server: 'HTTPServer' object has no attribute 'start'
2025-08-22 23:22:42 - src.main - ERROR - Fatal error: 'HTTPServer' object has no attribute 'start'
2025-08-22 23:23:24 - src.main - INFO - Logging to file: logs/mit-tts-streamer.log
2025-08-22 23:23:24 - src.main - INFO - Logging configured - Level: INFO
2025-08-22 23:23:24 - src.main - WARNING - TTS Engine Manager initialization failed: 'TTSConfig' object has no attribute 'get'
2025-08-22 23:23:24 - src.main - WARNING - WebSocket server not available (websockets library not installed)
2025-08-22 23:23:24 - src.main - WARNING - Install websockets library for full functionality: pip install websockets
2025-08-22 23:23:24 - src.main - INFO - MIT-TTS-Streamer initialized
2025-08-22 23:23:24 - src.main - INFO - Logging to file: logs/mit-tts-streamer.log
2025-08-22 23:23:24 - src.main - INFO - Logging configured - Level: DEBUG
2025-08-22 23:23:24 - src.main - INFO - Starting MIT-TTS-Streamer...
2025-08-22 23:23:24 - server.http_server - INFO - HTTP server starting on 0.0.0.0:8080
2025-08-22 23:23:24 - server.http_server - INFO - HTTP server started (FastAPI app ready)
2025-08-22 23:23:24 - src.main - INFO - MIT-TTS-Streamer started successfully
2025-08-22 23:23:24 - src.main - INFO - ============================================================
2025-08-22 23:23:24 - src.main - INFO - MIT-TTS-Streamer is running!
2025-08-22 23:23:24 - src.main - INFO - ============================================================
2025-08-22 23:23:24 - src.main - INFO - HTTP REST API: http://0.0.0.0:8080
2025-08-22 23:23:24 - src.main - INFO - API Documentation: http://0.0.0.0:8080/docs
2025-08-22 23:23:24 - src.main - INFO - Health Check: http://0.0.0.0:8080/health
2025-08-22 23:23:24 - src.main - INFO - WebSocket Server: Not available (install websockets library)
2025-08-22 23:23:24 - src.main - INFO - ============================================================
2025-08-22 23:23:33 - src.main - INFO - Received signal 15
2025-08-22 23:23:33 - src.main - INFO - Received signal 15
2025-08-22 23:25:40 - src.main - INFO - Logging to file: logs/mit-tts-streamer.log
2025-08-22 23:25:40 - src.main - INFO - Logging configured - Level: INFO
2025-08-22 23:25:40 - src.main - WARNING - TTS Engine Manager initialization failed: 'TTSConfig' object has no attribute 'get'
2025-08-22 23:25:40 - src.main - WARNING - WebSocket server not available (websockets library not installed)
2025-08-22 23:25:40 - src.main - WARNING - Install websockets library for full functionality: pip install websockets
2025-08-22 23:25:40 - src.main - INFO - MIT-TTS-Streamer initialized
2025-08-22 23:25:40 - src.main - INFO - Starting MIT-TTS-Streamer...
2025-08-22 23:25:40 - server.http_server - INFO - HTTP server starting on 0.0.0.0:8000
2025-08-22 23:25:40 - server.http_server - INFO - HTTP server started (FastAPI app ready)
2025-08-22 23:25:40 - src.main - INFO - MIT-TTS-Streamer started successfully
2025-08-22 23:25:40 - src.main - INFO - ============================================================
2025-08-22 23:25:40 - src.main - INFO - MIT-TTS-Streamer is running!
2025-08-22 23:25:40 - src.main - INFO - ============================================================
2025-08-22 23:25:40 - src.main - INFO - HTTP REST API: http://0.0.0.0:8000
2025-08-22 23:25:40 - src.main - INFO - API Documentation: http://0.0.0.0:8000/docs
2025-08-22 23:25:40 - src.main - INFO - Health Check: http://0.0.0.0:8000/health
2025-08-22 23:25:40 - src.main - INFO - WebSocket Server: Not available (install websockets library)
2025-08-22 23:25:40 - src.main - INFO - ============================================================
2025-08-22 23:26:11 - src.main - INFO - Received signal 15
2025-08-22 23:47:40 - src.main - INFO - Logging to file: logs/mit-tts-streamer.log
2025-08-22 23:47:40 - src.main - INFO - Logging configured - Level: INFO
2025-08-22 23:47:40 - src.main - WARNING - TTS Engine Manager initialization failed: 'TTSConfig' object has no attribute 'get'
2025-08-22 23:47:40 - src.main - WARNING - WebSocket server not available (websockets library not installed)
2025-08-22 23:47:40 - src.main - WARNING - Install websockets library for full functionality: pip install websockets
2025-08-22 23:47:40 - src.main - INFO - MIT-TTS-Streamer initialized
2025-08-22 23:47:40 - src.main - INFO - Starting MIT-TTS-Streamer...
2025-08-22 23:47:40 - server.http_server - INFO - HTTP server starting on 0.0.0.0:8080
2025-08-22 23:47:40 - server.http_server - INFO - HTTP server started (FastAPI app ready)
2025-08-22 23:47:40 - src.main - INFO - MIT-TTS-Streamer started successfully
2025-08-22 23:47:40 - src.main - INFO - ============================================================
2025-08-22 23:47:40 - src.main - INFO - MIT-TTS-Streamer is running!
2025-08-22 23:47:40 - src.main - INFO - ============================================================
2025-08-22 23:47:40 - src.main - INFO - HTTP REST API: http://0.0.0.0:8080
2025-08-22 23:47:40 - src.main - INFO - API Documentation: http://0.0.0.0:8080/docs
2025-08-22 23:47:40 - src.main - INFO - Health Check: http://0.0.0.0:8080/health
2025-08-22 23:47:40 - src.main - INFO - WebSocket Server: Not available (install websockets library)
2025-08-22 23:47:40 - src.main - INFO - ============================================================
2025-08-22 23:48:45 - src.main - INFO - Received signal 2
2025-08-23 00:26:40 - __main__ - INFO - Logging to file: logs/mit-tts-streamer.log
2025-08-23 00:26:40 - __main__ - INFO - Logging configured - Level: INFO
2025-08-23 00:26:40 - __main__ - WARNING - TTS Engine Manager initialization failed: 'TTSConfig' object has no attribute 'get'
2025-08-23 00:26:40 - __main__ - WARNING - WebSocket server not available (websockets library not installed)
2025-08-23 00:26:40 - __main__ - WARNING - Install websockets library for full functionality: pip install websockets
2025-08-23 00:26:40 - __main__ - INFO - MIT-TTS-Streamer initialized
2025-08-23 00:26:40 - __main__ - INFO - Starting MIT-TTS-Streamer...
2025-08-23 00:26:40 - server.http_server - INFO - HTTP server starting on localhost:8000
2025-08-23 00:26:40 - server.http_server - INFO - HTTP server started (FastAPI app ready)
2025-08-23 00:26:40 - __main__ - INFO - MIT-TTS-Streamer started successfully
2025-08-23 00:26:40 - __main__ - INFO - ============================================================
2025-08-23 00:26:40 - __main__ - INFO - MIT-TTS-Streamer is running!
2025-08-23 00:26:40 - __main__ - INFO - ============================================================
2025-08-23 00:26:40 - __main__ - INFO - HTTP REST API: http://localhost:8000
2025-08-23 00:26:40 - __main__ - INFO - API Documentation: http://localhost:8000/docs
2025-08-23 00:26:40 - __main__ - INFO - Health Check: http://localhost:8000/health
2025-08-23 00:26:40 - __main__ - INFO - WebSocket Server: Not available (install websockets library)
2025-08-23 00:26:40 - __main__ - INFO - ============================================================
2025-08-23 00:27:10 - __main__ - INFO - Received signal 15
2025-08-23 00:31:33 - __main__ - INFO - Logging to file: logs/mit-tts-streamer.log
2025-08-23 00:31:33 - __main__ - INFO - Logging configured - Level: INFO
2025-08-23 00:31:33 - __main__ - WARNING - TTS Engine Manager initialization failed: 'TTSConfig' object has no attribute 'get'
2025-08-23 00:31:33 - __main__ - WARNING - WebSocket server not available (websockets library not installed)
2025-08-23 00:31:33 - __main__ - WARNING - Install websockets library for full functionality: pip install websockets
2025-08-23 00:31:33 - __main__ - INFO - MIT-TTS-Streamer initialized
2025-08-23 00:31:33 - __main__ - INFO - Starting MIT-TTS-Streamer...
2025-08-23 00:31:33 - server.http_server - INFO - HTTP server starting on localhost:8000
2025-08-23 00:31:33 - server.http_server - INFO - HTTP server started (FastAPI app ready)
2025-08-23 00:31:33 - __main__ - INFO - MIT-TTS-Streamer started successfully
2025-08-23 00:31:33 - __main__ - INFO - ============================================================
2025-08-23 00:31:33 - __main__ - INFO - MIT-TTS-Streamer is running!
2025-08-23 00:31:33 - __main__ - INFO - ============================================================
2025-08-23 00:31:33 - __main__ - INFO - HTTP REST API: http://localhost:8000
2025-08-23 00:31:33 - __main__ - INFO - API Documentation: http://localhost:8000/docs
2025-08-23 00:31:33 - __main__ - INFO - Health Check: http://localhost:8000/health
2025-08-23 00:31:33 - __main__ - INFO - WebSocket Server: Not available (install websockets library)
2025-08-23 00:31:33 - __main__ - INFO - ============================================================
2025-08-23 00:32:03 - __main__ - INFO - Received signal 15
2025-08-23 10:05:42 - src.main - INFO - Logging to file: logs/mit-tts-streamer.log
2025-08-23 10:05:42 - src.main - INFO - Logging configured - Level: INFO
2025-08-23 10:05:42 - src.main - WARNING - TTS Engine Manager initialization failed: 'TTSConfig' object has no attribute 'get'
2025-08-23 10:05:42 - src.main - WARNING - WebSocket server not available (websockets library not installed)
2025-08-23 10:05:42 - src.main - WARNING - Install websockets library for full functionality: pip install websockets
2025-08-23 10:05:42 - src.main - INFO - MIT-TTS-Streamer initialized
2025-08-23 10:05:42 - src.main - INFO - Starting MIT-TTS-Streamer...
2025-08-23 10:05:42 - server.http_server - INFO - HTTP server starting on 0.0.0.0:8000
2025-08-23 10:05:42 - server.http_server - INFO - HTTP server started (FastAPI app ready)
2025-08-23 10:05:42 - src.main - INFO - MIT-TTS-Streamer started successfully
2025-08-23 10:05:42 - src.main - INFO - ============================================================
2025-08-23 10:05:42 - src.main - INFO - MIT-TTS-Streamer is running!
2025-08-23 10:05:42 - src.main - INFO - ============================================================
2025-08-23 10:05:42 - src.main - INFO - HTTP REST API: http://0.0.0.0:8000
2025-08-23 10:05:42 - src.main - INFO - API Documentation: http://0.0.0.0:8000/docs
2025-08-23 10:05:42 - src.main - INFO - Health Check: http://0.0.0.0:8000/health
2025-08-23 10:05:42 - src.main - INFO - WebSocket Server: Not available (install websockets library)
2025-08-23 10:05:42 - src.main - INFO - ============================================================
